AndroidAsync/build/outputs/logs/manifest-merger-release-report.txt
-- Merging decision tree log ---
manifest
<<<<<<< HEAD
ADDED from AndroidAsync\AndroidManifest.xml:1:1-11:12
INJECTED from AndroidAsync\AndroidManifest.xml:1:1-11:12
INJECTED from AndroidAsync\AndroidManifest.xml:1:1-11:12
INJECTED from AndroidAsync\AndroidManifest.xml:1:1-11:12
INJECTED from AndroidAsync\AndroidManifest.xml:1:1-11:12
INJECTED from AndroidAsync\AndroidManifest.xml:1:1-11:12
INJECTED from AndroidAsync\AndroidManifest.xml:1:1-11:12
	package
		ADDED from AndroidAsync\AndroidManifest.xml:2:5-37
		INJECTED from AndroidAsync\AndroidManifest.xml
		INJECTED from AndroidAsync\AndroidManifest.xml
	android:versionName
		ADDED from AndroidAsync\AndroidManifest.xml:4:5-32
		INJECTED from AndroidAsync\AndroidManifest.xml
		INJECTED from AndroidAsync\AndroidManifest.xml
	xmlns:android
		ADDED from AndroidAsync\AndroidManifest.xml:1:11-69
	android:versionCode
		ADDED from AndroidAsync\AndroidManifest.xml:3:5-30
		INJECTED from AndroidAsync\AndroidManifest.xml
		INJECTED from AndroidAsync\AndroidManifest.xml
uses-permission#android.permission.INTERNET
ADDED from AndroidAsync\AndroidManifest.xml:6:5-66
	android:name
		ADDED from AndroidAsync\AndroidManifest.xml:6:22-64
application
ADDED from AndroidAsync\AndroidManifest.xml:8:5-9:19
uses-sdk
INJECTED from AndroidAsync\AndroidManifest.xml reason: use-sdk injection requested
INJECTED from AndroidAsync\AndroidManifest.xml
INJECTED from AndroidAsync\AndroidManifest.xml
INJECTED from AndroidAsync\AndroidManifest.xml
INJECTED from AndroidAsync\AndroidManifest.xml
	android:targetSdkVersion
		INJECTED from AndroidAsync\AndroidManifest.xml
		ADDED from AndroidAsync\AndroidManifest.xml
		INJECTED from AndroidAsync\AndroidManifest.xml
	android:minSdkVersion
		INJECTED from AndroidAsync\AndroidManifest.xml
		ADDED from AndroidAsync\AndroidManifest.xml
		INJECTED from AndroidAsync\AndroidManifest.xml
=======
ADDED from tocotalk_android\AndroidAsync\AndroidManifest.xml:1:1-11:12
INJECTED from tocotalk_android\AndroidAsync\AndroidManifest.xml:1:1-11:12
INJECTED from tocotalk_android\AndroidAsync\AndroidManifest.xml:1:1-11:12
INJECTED from tocotalk_android\AndroidAsync\AndroidManifest.xml:1:1-11:12
INJECTED from tocotalk_android\AndroidAsync\AndroidManifest.xml:1:1-11:12
INJECTED from tocotalk_android\AndroidAsync\AndroidManifest.xml:1:1-11:12
INJECTED from tocotalk_android\AndroidAsync\AndroidManifest.xml:1:1-11:12
	package
		ADDED from tocotalk_android\AndroidAsync\AndroidManifest.xml:2:5-37
		INJECTED from tocotalk_android\AndroidAsync\AndroidManifest.xml
		INJECTED from tocotalk_android\AndroidAsync\AndroidManifest.xml
	android:versionName
		ADDED from tocotalk_android\AndroidAsync\AndroidManifest.xml:4:5-32
		INJECTED from tocotalk_android\AndroidAsync\AndroidManifest.xml
		INJECTED from tocotalk_android\AndroidAsync\AndroidManifest.xml
	xmlns:android
		ADDED from tocotalk_android\AndroidAsync\AndroidManifest.xml:1:11-69
	android:versionCode
		ADDED from tocotalk_android\AndroidAsync\AndroidManifest.xml:3:5-30
		INJECTED from tocotalk_android\AndroidAsync\AndroidManifest.xml
		INJECTED from tocotalk_android\AndroidAsync\AndroidManifest.xml
uses-permission#android.permission.INTERNET
ADDED from tocotalk_android\AndroidAsync\AndroidManifest.xml:6:5-66
	android:name
		ADDED from tocotalk_android\AndroidAsync\AndroidManifest.xml:6:22-64
application
ADDED from tocotalk_android\AndroidAsync\AndroidManifest.xml:8:5-9:19
uses-sdk
INJECTED from tocotalk_android\AndroidAsync\AndroidManifest.xml reason: use-sdk injection requested
INJECTED from tocotalk_android\AndroidAsync\AndroidManifest.xml
INJECTED from tocotalk_android\AndroidAsync\AndroidManifest.xml
INJECTED from tocotalk_android\AndroidAsync\AndroidManifest.xml
INJECTED from tocotalk_android\AndroidAsync\AndroidManifest.xml
	android:targetSdkVersion
		INJECTED from tocotalk_android\AndroidAsync\AndroidManifest.xml
		ADDED from tocotalk_android\AndroidAsync\AndroidManifest.xml
		INJECTED from tocotalk_android\AndroidAsync\AndroidManifest.xml
	android:minSdkVersion
		INJECTED from tocotalk_android\AndroidAsync\AndroidManifest.xml
		ADDED from tocotalk_android\AndroidAsync\AndroidManifest.xml
		INJECTED from tocotalk_android\AndroidAsync\AndroidManifest.xml
>>>>>>> e04532d5823fe760048317432473677a15f1cf8e